<?xml version="1.0" encoding="UTF-8"?>
<!-- Generated by org.testng.reporters.JUnitReportReporter -->
<testsuite hostname="DESKTOP-74STAVU" failures="0" tests="1" name="testCases.TC002_LoginTest" time="1.506" errors="0" timestamp="2025-05-04T21:07:45 EDT" skipped="0">
  <testcase classname="testCases.TC002_LoginTest" name="verifyLogin" time="1.506"/>
</testsuite> <!-- testCases.TC002_LoginTest -->
