<?xml version="1.0" encoding="UTF-8"?>
<!-- Generated by org.testng.reporters.JUnitReportReporter -->
<testsuite hostname="DESKTOP-74STAVU" failures="0" tests="3" name="testCases.TC002_LoginTest" time="5.050" errors="0" timestamp="2025-05-06T17:41:34 EDT" skipped="0">
  <testcase classname="testCases.TC002_LoginTest" name="verifyLogin" time="1.636"/>
  <testcase classname="testCases.TC002_LoginTest" name="verifyLogin" time="1.771"/>
  <testcase classname="testCases.TC002_LoginTest" name="verifyLogin" time="1.643"/>
</testsuite> <!-- testCases.TC002_LoginTest -->
