<?xml version="1.0" encoding="UTF-8"?>
<!-- Generated by org.testng.reporters.JUnitReportReporter -->
<testsuite hostname="DESKTOP-74STAVU" failures="0" tests="3" name="testCases.TC002_LoginTest" time="4.766" errors="0" timestamp="2025-05-06T20:13:05 EDT" skipped="0">
  <testcase classname="testCases.TC002_LoginTest" name="verifyLogin" time="1.528"/>
  <testcase classname="testCases.TC002_LoginTest" name="verifyLogin" time="1.593"/>
  <testcase classname="testCases.TC002_LoginTest" name="verifyLogin" time="1.645"/>
</testsuite> <!-- testCases.TC002_LoginTest -->
