<?xml version="1.0" encoding="UTF-8"?>
<!-- Generated by org.testng.reporters.JUnitReportReporter -->
<testsuite hostname="DESKTOP-74STAVU" failures="0" tests="3" name="testCases.TC002_LoginTest" time="5.460" errors="0" timestamp="2025-05-06T18:18:37 EDT" skipped="0">
  <testcase classname="testCases.TC002_LoginTest" name="verifyLogin" time="1.760"/>
  <testcase classname="testCases.TC002_LoginTest" name="verifyLogin" time="1.653"/>
  <testcase classname="testCases.TC002_LoginTest" name="verifyLogin" time="2.047"/>
</testsuite> <!-- testCases.TC002_LoginTest -->
