<?xml version="1.0" encoding="UTF-8"?>
<!-- Generated by org.testng.reporters.JUnitReportReporter -->
<testsuite hostname="DESKTOP-74STAVU" failures="0" tests="3" name="testCases.TC001_AccountRegistrationTest" time="6.946" errors="0" timestamp="2025-05-06T18:18:37 EDT" skipped="0">
  <testcase classname="testCases.TC001_AccountRegistrationTest" name="verifyAccountRegistration" time="2.357"/>
  <testcase classname="testCases.TC001_AccountRegistrationTest" name="verifyAccountRegistration" time="2.308"/>
  <testcase classname="testCases.TC001_AccountRegistrationTest" name="verifyAccountRegistration" time="2.281"/>
</testsuite> <!-- testCases.TC001_AccountRegistrationTest -->
