<?xml version="1.0" encoding="UTF-8"?>
<!-- Generated by org.testng.reporters.JUnitReportReporter -->
<testsuite hostname="DESKTOP-74STAVU" failures="0" tests="1" name="testCases.TC002_LoginTest" time="1.568" errors="0" timestamp="2025-05-05T16:01:30 EDT" skipped="0">
  <testcase classname="testCases.TC002_LoginTest" name="verifyLogin" time="1.568"/>
</testsuite> <!-- testCases.TC002_LoginTest -->
